<?xml version="1.0" encoding="UTF-8"?>
<!-- Generated by org.testng.reporters.JUnitXMLReporter -->
<testsuite hostname="ATMECSINLT-283" ignored="0" name="phpTravelsTest" tests="2" failures="0" timestamp="2019-11-27T20:32:51 IST" time="84.659" errors="0">
  <testcase name="dashBoard" time="19.018" classname="com.phptravels.testscript.PhpTravelsSript"/>
  <testcase name="verifyRandomBooking" time="57.456" classname="com.phptravels.testscript.PhpTravelsSript"/>
</testsuite> <!-- phpTravelsTest -->
